\BOOKMARK [1][-]{section.1}{\376\377\227\000\154\102\220\011\142\351}{}% 1
\BOOKMARK [2][-]{subsection.1.1}{\376\377\142\100\147\011\227\000\154\102}{section.1}% 2
\BOOKMARK [2][-]{subsection.1.2}{\376\377\220\011\142\351\133\236\163\260\166\204\227\000\154\102}{section.1}% 3
\BOOKMARK [1][-]{section.2}{\376\377\145\160\143\156\136\223\213\276\213\241}{}% 4
\BOOKMARK [2][-]{subsection.2.1}{\376\377\140\073\117\123\213\276\213\241}{section.2}% 5
\BOOKMARK [2][-]{subsection.2.2}{\376\377\176\323\160\271\133\236\117\213}{section.2}% 6
\BOOKMARK [3][-]{subsubsection.2.2.1}{\376\377\000S\000t\000a\000t\000i\000o\000n\202\202\160\271\133\236\117\213}{subsection.2.2}% 7
\BOOKMARK [3][-]{subsubsection.2.2.2}{\376\377\000L\000i\000n\000e\202\202\160\271\133\236\117\213}{subsection.2.2}% 8
\BOOKMARK [3][-]{subsubsection.2.2.3}{\376\377\000R\000u\000n\202\202\160\271\133\236\117\213}{subsection.2.2}% 9
\BOOKMARK [2][-]{subsection.2.3}{\376\377\121\163\174\373\133\236\117\213}{section.2}% 10
\BOOKMARK [3][-]{subsubsection.2.3.1}{\376\377\000C\000o\000n\000n\000e\000c\000t\000i\000o\000n\121\163\174\373\133\236\117\213}{subsection.2.3}% 11
\BOOKMARK [2][-]{subsection.2.4}{\376\377\121\163\174\373\133\236\117\213}{section.2}% 12
\BOOKMARK [3][-]{subsubsection.2.4.1}{\376\377\000B\000e\000l\000o\000n\000g\000T\000o\121\163\174\373\133\236\117\213}{subsection.2.4}% 13
\BOOKMARK [1][-]{section.3}{\376\377\227\000\154\102\133\236\163\260}{}% 14
\BOOKMARK [2][-]{subsection.3.1}{\376\377\227\000\154\102\0001}{section.3}% 15
\BOOKMARK [2][-]{subsection.3.2}{\376\377\227\000\154\102\0002}{section.3}% 16
\BOOKMARK [2][-]{subsection.3.3}{\376\377\227\000\154\102\0003}{section.3}% 17
\BOOKMARK [2][-]{subsection.3.4}{\376\377\227\000\154\102\0004}{section.3}% 18
\BOOKMARK [2][-]{subsection.3.5}{\376\377\227\000\154\102\0005}{section.3}% 19
\BOOKMARK [3][-]{subsubsection.3.5.1}{\376\377\000a}{subsection.3.5}% 20
\BOOKMARK [3][-]{subsubsection.3.5.2}{\376\377\000b}{subsection.3.5}% 21
\BOOKMARK [2][-]{subsection.3.6}{\376\377\227\000\154\102\0006}{section.3}% 22
\BOOKMARK [2][-]{subsection.3.7}{\376\377\227\000\154\102\0001\0000}{section.3}% 23
\BOOKMARK [2][-]{subsection.3.8}{\376\377\227\000\154\102\0001\0001}{section.3}% 24
\BOOKMARK [3][-]{subsubsection.3.8.1}{\376\377\000a}{subsection.3.8}% 25
\BOOKMARK [2][-]{subsection.3.9}{\376\377\227\000\154\102\0001\0002}{section.3}% 26
\BOOKMARK [2][-]{subsection.3.10}{\376\377\227\000\154\102\0001\0003}{section.3}% 27
\BOOKMARK [2][-]{subsection.3.11}{\376\377\227\000\154\102\0001\0005}{section.3}% 28
\BOOKMARK [2][-]{subsection.3.12}{\376\377\227\000\154\102\0001\0006}{section.3}% 29
\BOOKMARK [2][-]{subsection.3.13}{\376\377\227\000\154\102\0001\0007}{section.3}% 30
\BOOKMARK [2][-]{subsection.3.14}{\376\377\227\000\154\102\0002\0000}{section.3}% 31
\BOOKMARK [3][-]{subsubsection.3.14.1}{\376\377\000a}{subsection.3.14}% 32
\BOOKMARK [3][-]{subsubsection.3.14.2}{\376\377\000b}{subsection.3.14}% 33
\BOOKMARK [1][-]{section.4}{\376\377\230\171\166\356\116\343\170\001}{}% 34
